  --non-interactive is not supported, use $CI=1 instead
The following packages should be updated for best compatibility with the installed expo version:
  expo@54.0.8 - expected version: ~54.0.35
Your project may not work correctly until you install the expected versions of the packages.
[expo-notifications] Listening to push token changes is not yet fully supported on web. Adding a listener will have no effect.
C:\Users\HP\Application\DeltexApp\node_modules\@expo\cli\build\src\utils\errors.js:130
    throw error;
    ^

Error: Cannot find module 'C:\Users\HP\Application\DeltexApp\node_modules\@expo\metro\metro\lib\formatBundlingError.js'
    at createEsmNotFoundErr (node:internal/modules/cjs/loader:1537:15)
    at finalizeEsmResolution (node:internal/modules/cjs/loader:1526:9)
    at resolveExports (node:internal/modules/cjs/loader:707:14)
    at Module._findPath (node:internal/modules/cjs/loader:774:31)
    at Module._resolveFilename (node:internal/modules/cjs/loader:1485:27)
    at wrapResolveFilename (node:internal/modules/cjs/loader:1071:27)
    at defaultResolveImplForCJSLoading (node:internal/modules/cjs/loader:1095:10)
    at resolveForCJSWithHooks (node:internal/modules/cjs/loader:1116:12)
    at Module._load (node:internal/modules/cjs/loader:1285:25)
    at wrapModuleLoad (node:internal/modules/cjs/loader:255:19) {
  code: 'MODULE_NOT_FOUND',
  path: 'C:\\Users\\HP\\Application\\DeltexApp\\node_modules\\@expo\\metro'
}

Node.js v24.16.0
